info: Jun-26-2022 09:34:43: 	{
	"id": 10,
	"name": "Ariandi",
	"email": "aryejfa@gmail.com",
	"status": "Login user"
}
info: Jun-26-2022 13:58:37: 	{
	"id": 10,
	"name": "Ariandi",
	"email": "aryejfa@gmail.com",
	"status": "Login user"
}
info: Jun-26-2022 14:13:34: 	{
	"id": 10,
	"name": "Ariandi",
	"email": "aryejfa@gmail.com",
	"status": "Login user"
}
info: Jun-26-2022 14:25:42: 	{
	"id": 10,
	"name": "Ariandi",
	"email": "aryejfa@gmail.com",
	"status": "Login user"
}
info: Jun-26-2022 14:50:50: 	{
	"id": 10,
	"name": "Ariandi",
	"email": "aryejfa@gmail.com",
	"status": "Login user"
}
info: Jun-26-2022 15:51:40: 	{
	"id": 10,
	"name": "Ariandi",
	"email": "aryejfa@gmail.com",
	"status": "Login user"
}
