info: Jun-24-2022 17:25:31: 	{
	"id": 10,
	"name": "Ariandi",
	"email": "aryejfa@gmail.com",
	"status": "Login user"
}
info: Jun-24-2022 17:44:34: 	{
	"id": 10,
	"name": "Ariandi",
	"email": "aryejfa@gmail.com",
	"status": "Login user"
}
info: Jun-24-2022 17:52:56: 	{
	"id": 10,
	"name": "Ariandi",
	"email": "aryejfa@gmail.com",
	"status": "Login user"
}
info: Jun-24-2022 17:58:14: 	{
	"id": 10,
	"name": "Ariandi",
	"email": "aryejfa@gmail.com",
	"status": "Login user"
}
info: Jun-24-2022 18:22:32: 	{
	"id": 10,
	"name": "Ariandi",
	"email": "aryejfa@gmail.com",
	"status": "Login user"
}
info: Jun-24-2022 18:28:37: 	{
	"id": 10,
	"name": "Ariandi",
	"email": "aryejfa@gmail.com",
	"status": "Login user"
}
info: Jun-24-2022 18:30:10: 	{
	"id": 10,
	"name": "Ariandi",
	"email": "aryejfa@gmail.com",
	"status": "Login user"
}
info: Jun-24-2022 18:36:47: 	{
	"id": 10,
	"name": "Ariandi",
	"email": "aryejfa@gmail.com",
	"status": "Login user"
}
info: Jun-24-2022 19:01:09: 	{
	"id": 10,
	"name": "Ariandi",
	"email": "aryejfa@gmail.com",
	"status": "Login user"
}
info: Jun-24-2022 19:11:32: 	{
	"id": 10,
	"name": "Ariandi",
	"email": "aryejfa@gmail.com",
	"status": "Login user"
}
info: Jun-24-2022 19:24:53: 	{
	"id": 10,
	"name": "Ariandi",
	"email": "aryejfa@gmail.com",
	"status": "Login user"
}
info: Jun-24-2022 19:47:53: 	{
	"id": 10,
	"name": "Ariandi",
	"email": "aryejfa@gmail.com",
	"status": "Login user"
}
info: Jun-24-2022 19:54:17: 	{
	"id": 10,
	"name": "Ariandi",
	"email": "aryejfa@gmail.com",
	"status": "Login user"
}
info: Jun-24-2022 20:10:16: 	{
	"id": 10,
	"name": "Ariandi",
	"email": "aryejfa@gmail.com",
	"status": "Login user"
}
