info: Jun-22-2022 22:49:23: 	{
	"id": 4,
	"name": "Fazri",
	"email": "fazri@gmail.com",
	"status": "Login user"
}
info: Jun-22-2022 23:05:37: 	{
	"id": 10,
	"name": "Ariandi",
	"email": "aryejfa@gmail.com",
	"status": "Login user"
}
info: Jun-22-2022 23:07:55: 	{
	"id": 10,
	"name": "Ariandi",
	"email": "aryejfa@gmail.com",
	"status": "Login user"
}
info: Jun-23-2022 07:25:34: 	{
	"id": 10,
	"name": "Ariandi",
	"email": "aryejfa@gmail.com",
	"status": "Login user"
}
info: Jun-23-2022 08:36:09: 	{
	"id": 10,
	"name": "Ariandi",
	"email": "aryejfa@gmail.com",
	"status": "Login user"
}
info: Jun-24-2022 14:38:18: 	{
	"id": 10,
	"name": "Ariandi",
	"email": "aryejfa@gmail.com",
	"status": "Login user"
}
info: Jun-24-2022 16:24:13: 	{
	"id": 10,
	"name": "Ariandi",
	"email": "aryejfa@gmail.com",
	"status": "Login user"
}
info: Jun-24-2022 16:36:51: 	{
	"id": 10,
	"name": "Ariandi",
	"email": "aryejfa@gmail.com",
	"status": "Login user"
}
